<?xml version="1.0" encoding="UTF-8"?>
<!-- Generated by org.testng.reporters.JUnitXMLReporter -->
<testsuite ignored="0" hostname="DESKTOP-9GL3C6H" failures="5" tests="5" name="Test" time="0.065" errors="0" timestamp="2022-11-01T19:19:22 IST">
  <testcase classname="testNG.GothrourghTestNGTest" name="closeBrowserTest" time="0.004">
    <failure type="java.lang.RuntimeException" message="Test not implemented">
      <![CDATA[java.lang.RuntimeException: Test not implemented
at testNG.GothrourghTestNGTest.closeBrowserTest(GothrourghTestNGTest.java:19)
at java.base/java.util.ArrayList.forEach(ArrayList.java:1511)
... Removed 27 stack frames]]>
    </failure>
  </testcase> <!-- closeBrowserTest -->
  <testcase classname="testNG.GothrourghTestNGTest" name="openBrowserTest" time="0.001">
    <failure type="java.lang.RuntimeException" message="Test not implemented">
      <![CDATA[java.lang.RuntimeException: Test not implemented
at testNG.GothrourghTestNGTest.openBrowserTest(GothrourghTestNGTest.java:24)
at java.base/java.util.ArrayList.forEach(ArrayList.java:1511)
... Removed 27 stack frames]]>
    </failure>
  </testcase> <!-- openBrowserTest -->
  <testcase classname="testNG.GothrourghTestNGTest" name="openGoogleTest" time="0.001">
    <failure type="java.lang.RuntimeException" message="Test not implemented">
      <![CDATA[java.lang.RuntimeException: Test not implemented
at testNG.GothrourghTestNGTest.openGoogleTest(GothrourghTestNGTest.java:29)
at java.base/java.util.ArrayList.forEach(ArrayList.java:1511)
... Removed 27 stack frames]]>
    </failure>
  </testcase> <!-- openGoogleTest -->
  <testcase classname="testNG.GothrourghTestNGTest" name="openWhatsappwebTest" time="0.001">
    <failure type="java.lang.RuntimeException" message="Test not implemented">
      <![CDATA[java.lang.RuntimeException: Test not implemented
at testNG.GothrourghTestNGTest.openWhatsappwebTest(GothrourghTestNGTest.java:34)
at java.base/java.util.ArrayList.forEach(ArrayList.java:1511)
... Removed 27 stack frames]]>
    </failure>
  </testcase> <!-- openWhatsappwebTest -->
  <testcase classname="testNG.GothrourghTestNGTest" name="openyoutubeTest" time="0.001">
    <failure type="java.lang.RuntimeException" message="Test not implemented">
      <![CDATA[java.lang.RuntimeException: Test not implemented
at testNG.GothrourghTestNGTest.openyoutubeTest(GothrourghTestNGTest.java:39)
at java.base/java.util.ArrayList.forEach(ArrayList.java:1511)
... Removed 27 stack frames]]>
    </failure>
  </testcase> <!-- openyoutubeTest -->
</testsuite> <!-- Test -->
